This is pdfTeX, Version 3.14159265-2.6-1.40.20 (TeX Live 2019/W32TeX) (preloaded format=pdflatex 2019.5.9)  4 NOV 2019 13:37
entering extended mode
 restricted \write18 enabled.
 %&-line parsing enabled.
**manuscript_apa.tex
(./manuscript_apa.tex
LaTeX2e <2018-12-01>
(c:/Users/dupred/AppData/Roaming/TinyTeX/texmf-dist/tex/latex/apa6/apa6.cls
Document Class: apa6 2018/09/01 v2.33 APA formatting (6th edition)
(c:/Users/dupred/AppData/Roaming/TinyTeX/texmf-dist/tex/latex/base/article.cls
Document Class: article 2018/09/03 v1.4i Standard LaTeX document class
(c:/Users/dupred/AppData/Roaming/TinyTeX/texmf-dist/tex/latex/base/size12.clo
File: size12.clo 2018/09/03 v1.4i Standard LaTeX file (size option)
)
\c@part=\count80
\c@section=\count81
\c@subsection=\count82
\c@subsubsection=\count83
\c@paragraph=\count84
\c@subparagraph=\count85
\c@figure=\count86
\c@table=\count87
\abovecaptionskip=\skip41
\belowcaptionskip=\skip42
\bibindent=\dimen102
)
(c:/Users/dupred/AppData/Roaming/TinyTeX/texmf-dist/tex/latex/etoolbox/etoolbox
.sty
Package: etoolbox 2018/08/19 v2.5f e-TeX tools for LaTeX (JAW)
\etb@tempcnta=\count88
)
Class apa6 Info: No bibliography package was specified; defaulting to (but not 
loading) Biblatex on input line 213.
(c:/Users/dupred/AppData/Roaming/TinyTeX/texmf-dist/tex/latex/lm/lmodern.sty
Package: lmodern 2009/10/30 v1.6 Latin Modern Fonts
LaTeX Font Info:    Overwriting symbol font `operators' in version `normal'
(Font)                  OT1/cmr/m/n --> OT1/lmr/m/n on input line 22.
LaTeX Font Info:    Overwriting symbol font `letters' in version `normal'
(Font)                  OML/cmm/m/it --> OML/lmm/m/it on input line 23.
LaTeX Font Info:    Overwriting symbol font `symbols' in version `normal'
(Font)                  OMS/cmsy/m/n --> OMS/lmsy/m/n on input line 24.
LaTeX Font Info:    Overwriting symbol font `largesymbols' in version `normal'
(Font)                  OMX/cmex/m/n --> OMX/lmex/m/n on input line 25.
LaTeX Font Info:    Overwriting symbol font `operators' in version `bold'
(Font)                  OT1/cmr/bx/n --> OT1/lmr/bx/n on input line 26.
LaTeX Font Info:    Overwriting symbol font `letters' in version `bold'
(Font)                  OML/cmm/b/it --> OML/lmm/b/it on input line 27.
LaTeX Font Info:    Overwriting symbol font `symbols' in version `bold'
(Font)                  OMS/cmsy/b/n --> OMS/lmsy/b/n on input line 28.
LaTeX Font Info:    Overwriting symbol font `largesymbols' in version `bold'
(Font)                  OMX/cmex/m/n --> OMX/lmex/m/n on input line 29.
LaTeX Font Info:    Overwriting math alphabet `\mathbf' in version `normal'
(Font)                  OT1/cmr/bx/n --> OT1/lmr/bx/n on input line 31.
LaTeX Font Info:    Overwriting math alphabet `\mathsf' in version `normal'
(Font)                  OT1/cmss/m/n --> OT1/lmss/m/n on input line 32.
LaTeX Font Info:    Overwriting math alphabet `\mathit' in version `normal'
(Font)                  OT1/cmr/m/it --> OT1/lmr/m/it on input line 33.
LaTeX Font Info:    Overwriting math alphabet `\mathtt' in version `normal'
(Font)                  OT1/cmtt/m/n --> OT1/lmtt/m/n on input line 34.
LaTeX Font Info:    Overwriting math alphabet `\mathbf' in version `bold'
(Font)                  OT1/cmr/bx/n --> OT1/lmr/bx/n on input line 35.
LaTeX Font Info:    Overwriting math alphabet `\mathsf' in version `bold'
(Font)                  OT1/cmss/bx/n --> OT1/lmss/bx/n on input line 36.
LaTeX Font Info:    Overwriting math alphabet `\mathit' in version `bold'
(Font)                  OT1/cmr/bx/it --> OT1/lmr/bx/it on input line 37.
LaTeX Font Info:    Overwriting math alphabet `\mathtt' in version `bold'
(Font)                  OT1/cmtt/m/n --> OT1/lmtt/m/n on input line 38.
) (c:/Users/dupred/AppData/Roaming/TinyTeX/texmf-dist/tex/latex/base/fontenc.st
y
Package: fontenc 2018/08/11 v2.0j Standard LaTeX package
(c:/Users/dupred/AppData/Roaming/TinyTeX/texmf-dist/tex/latex/base/t1enc.def
File: t1enc.def 2018/08/11 v2.0j Standard LaTeX file
LaTeX Font Info:    Redeclaring font encoding T1 on input line 48.
))
(c:/Users/dupred/AppData/Roaming/TinyTeX/texmf-dist/tex/latex/geometry/geometry
.sty
Package: geometry 2018/04/16 v5.8 Page Geometry

(c:/Users/dupred/AppData/Roaming/TinyTeX/texmf-dist/tex/latex/graphics/keyval.s
ty
Package: keyval 2014/10/28 v1.15 key=value parser (DPC)
\KV@toks@=\toks14
)
(c:/Users/dupred/AppData/Roaming/TinyTeX/texmf-dist/tex/generic/oberdiek/ifpdf.
sty
Package: ifpdf 2018/09/07 v3.3 Provides the ifpdf switch
)
(c:/Users/dupred/AppData/Roaming/TinyTeX/texmf-dist/tex/generic/oberdiek/ifvtex
.sty
Package: ifvtex 2016/05/16 v1.6 Detect VTeX and its facilities (HO)
Package ifvtex Info: VTeX not detected.
)
(c:/Users/dupred/AppData/Roaming/TinyTeX/texmf-dist/tex/generic/ifxetex/ifxetex
.sty
Package: ifxetex 2010/09/12 v0.6 Provides ifxetex conditional
)
\Gm@cnth=\count89
\Gm@cntv=\count90
\c@Gm@tempcnt=\count91
\Gm@bindingoffset=\dimen103
\Gm@wd@mp=\dimen104
\Gm@odd@mp=\dimen105
\Gm@even@mp=\dimen106
\Gm@layoutwidth=\dimen107
\Gm@layoutheight=\dimen108
\Gm@layouthoffset=\dimen109
\Gm@layoutvoffset=\dimen110
\Gm@dimlist=\toks15
)
(c:/Users/dupred/AppData/Roaming/TinyTeX/texmf-dist/tex/latex/graphics/graphicx
.sty
Package: graphicx 2017/06/01 v1.1a Enhanced LaTeX Graphics (DPC,SPQR)

(c:/Users/dupred/AppData/Roaming/TinyTeX/texmf-dist/tex/latex/graphics/graphics
.sty
Package: graphics 2017/06/25 v1.2c Standard LaTeX Graphics (DPC,SPQR)

(c:/Users/dupred/AppData/Roaming/TinyTeX/texmf-dist/tex/latex/graphics/trig.sty
Package: trig 2016/01/03 v1.10 sin cos tan (DPC)
)
(c:/Users/dupred/AppData/Roaming/TinyTeX/texmf-dist/tex/latex/graphics-cfg/grap
hics.cfg
File: graphics.cfg 2016/06/04 v1.11 sample graphics configuration
)
Package graphics Info: Driver file: pdftex.def on input line 99.

(c:/Users/dupred/AppData/Roaming/TinyTeX/texmf-dist/tex/latex/graphics-def/pdft
ex.def
File: pdftex.def 2018/01/08 v1.0l Graphics/color driver for pdftex
))
\Gin@req@height=\dimen111
\Gin@req@width=\dimen112
)
(c:/Users/dupred/AppData/Roaming/TinyTeX/texmf-dist/tex/latex/booktabs/booktabs
.sty
Package: booktabs 2016/04/27 v1.618033 publication quality tables
\heavyrulewidth=\dimen113
\lightrulewidth=\dimen114
\cmidrulewidth=\dimen115
\belowrulesep=\dimen116
\belowbottomsep=\dimen117
\aboverulesep=\dimen118
\abovetopsep=\dimen119
\cmidrulesep=\dimen120
\cmidrulekern=\dimen121
\defaultaddspace=\dimen122
\@cmidla=\count92
\@cmidlb=\count93
\@aboverulesep=\dimen123
\@belowrulesep=\dimen124
\@thisruleclass=\count94
\@lastruleclass=\count95
\@thisrulewidth=\dimen125
)
(c:/Users/dupred/AppData/Roaming/TinyTeX/texmf-dist/tex/latex/threeparttable/th
reeparttable.sty
Package: threeparttable 2003/06/13  v 3.0
\@tempboxb=\box27
)
\b@level@one@skip=\skip43
\e@level@one@skip=\skip44
\b@level@two@skip=\skip45
\e@level@two@skip=\skip46
\b@level@three@skip=\skip47
\e@level@three@skip=\skip48
\b@level@four@skip=\skip49
\e@level@four@skip=\skip50
\b@level@five@skip=\skip51
\e@level@five@skip=\skip52

(c:/Users/dupred/AppData/Roaming/TinyTeX/texmf-dist/tex/latex/caption/caption.s
ty
Package: caption 2018/10/06 v3.3-154 Customizing captions (AR)

(c:/Users/dupred/AppData/Roaming/TinyTeX/texmf-dist/tex/latex/caption/caption3.
sty
Package: caption3 2018/09/12 v1.8c caption3 kernel (AR)
Package caption3 Info: TeX engine: e-TeX on input line 64.
\captionmargin=\dimen126
\captionmargin@=\dimen127
\captionwidth=\dimen128
\caption@tempdima=\dimen129
\caption@indent=\dimen130
\caption@parindent=\dimen131
\caption@hangindent=\dimen132
)
\c@caption@flags=\count96
\c@ContinuedFloat=\count97
Package caption Info: threeparttable package is loaded.
)
\c@APAenum=\count98
\@text@par@indent=\skip53
\gr@box=\box28
\gr@boxwidth=\skip54
\gr@boxheight=\skip55
(c:/Users/dupred/AppData/Roaming/TinyTeX/texmf-dist/tex/latex/tools/bm.sty
Package: bm 2017/01/16 v1.2c Bold Symbol Support (DPC/FMi)
\symboldoperators=\mathgroup4
\symboldletters=\mathgroup5
\symboldsymbols=\mathgroup6
LaTeX Font Info:    Redeclaring math alphabet \mathbf on input line 141.
LaTeX Info: Redefining \bm on input line 207.
)
\c@appendix=\count99

(c:/Users/dupred/AppData/Roaming/TinyTeX/texmf-dist/tex/latex/fancyhdr/fancyhdr
.sty
Package: fancyhdr 2019/01/31 v3.10 Extensive control of page headers and footer
s
\f@nch@headwidth=\skip56
\f@nch@O@elh=\skip57
\f@nch@O@erh=\skip58
\f@nch@O@olh=\skip59
\f@nch@O@orh=\skip60
\f@nch@O@elf=\skip61
\f@nch@O@erf=\skip62
\f@nch@O@olf=\skip63
\f@nch@O@orf=\skip64
)
(c:/Users/dupred/AppData/Roaming/TinyTeX/texmf-dist/tex/latex/endfloat/endfloat
.sty
Package: endfloat 2019/04/15 v2.7 LaTeX2e package puts figures and tables at en
d (jdm)
\c@posttable=\count100
\efloat@postttt=\write3
\@ef@tttopen=\count101
\c@postfigure=\count102
\efloat@postfff=\write4
\@ef@fffopen=\count103
))
(c:/Users/dupred/AppData/Roaming/TinyTeX/texmf-dist/tex/latex/amsfonts/amssymb.
sty
Package: amssymb 2013/01/14 v3.01 AMS font symbols

(c:/Users/dupred/AppData/Roaming/TinyTeX/texmf-dist/tex/latex/amsfonts/amsfonts
.sty
Package: amsfonts 2013/01/14 v3.01 Basic AMSFonts support
\@emptytoks=\toks16
\symAMSa=\mathgroup7
\symAMSb=\mathgroup8
LaTeX Font Info:    Overwriting math alphabet `\mathfrak' in version `bold'
(Font)                  U/euf/m/n --> U/euf/b/n on input line 106.
))
(c:/Users/dupred/AppData/Roaming/TinyTeX/texmf-dist/tex/latex/amsmath/amsmath.s
ty
Package: amsmath 2018/12/01 v2.17b AMS math features
\@mathmargin=\skip65
For additional information on amsmath, use the `?' option.

(c:/Users/dupred/AppData/Roaming/TinyTeX/texmf-dist/tex/latex/amsmath/amstext.s
ty
Package: amstext 2000/06/29 v2.01 AMS text

(c:/Users/dupred/AppData/Roaming/TinyTeX/texmf-dist/tex/latex/amsmath/amsgen.st
y
File: amsgen.sty 1999/11/30 v2.0 generic functions
\@emptytoks=\toks17
\ex@=\dimen133
))
(c:/Users/dupred/AppData/Roaming/TinyTeX/texmf-dist/tex/latex/amsmath/amsbsy.st
y
Package: amsbsy 1999/11/29 v1.2d Bold Symbols
LaTeX Info: Redefining \boldsymbol on input line 28.
\pmbraise@=\dimen134
)
(c:/Users/dupred/AppData/Roaming/TinyTeX/texmf-dist/tex/latex/amsmath/amsopn.st
y
Package: amsopn 2016/03/08 v2.02 operator names
)
\inf@bad=\count104
LaTeX Info: Redefining \frac on input line 223.
\uproot@=\count105
\leftroot@=\count106
LaTeX Info: Redefining \overline on input line 385.
\classnum@=\count107
\DOTSCASE@=\count108
LaTeX Info: Redefining \ldots on input line 482.
LaTeX Info: Redefining \dots on input line 485.
LaTeX Info: Redefining \cdots on input line 606.
\Mathstrutbox@=\box29
\strutbox@=\box30
\big@size=\dimen135
LaTeX Font Info:    Redeclaring font encoding OML on input line 729.
LaTeX Font Info:    Redeclaring font encoding OMS on input line 730.
\macc@depth=\count109
\c@MaxMatrixCols=\count110
\dotsspace@=\muskip10
\c@parentequation=\count111
\dspbrk@lvl=\count112
\tag@help=\toks18
\row@=\count113
\column@=\count114
\maxfields@=\count115
\andhelp@=\toks19
\eqnshift@=\dimen136
\alignsep@=\dimen137
\tagshift@=\dimen138
\tagwidth@=\dimen139
\totwidth@=\dimen140
\lineht@=\dimen141
\@envbody=\toks20
\multlinegap=\skip66
\multlinetaggap=\skip67
\mathdisplay@stack=\toks21
LaTeX Info: Redefining \[ on input line 2844.
LaTeX Info: Redefining \] on input line 2845.
)
(c:/Users/dupred/AppData/Roaming/TinyTeX/texmf-dist/tex/generic/oberdiek/ifluat
ex.sty
Package: ifluatex 2016/05/16 v1.4 Provides the ifluatex switch (HO)
Package ifluatex Info: LuaTeX not detected.
)
(c:/Users/dupred/AppData/Roaming/TinyTeX/texmf-dist/tex/latex/base/fixltx2e.sty
Package: fixltx2e 2016/12/29 v2.1a fixes to LaTeX (obsolete)
Applying: [2015/01/01] Old fixltx2e package on input line 46.

Package fixltx2e Warning: fixltx2e is not required with releases after 2015
(fixltx2e)                All fixes are now in the LaTeX kernel.
(fixltx2e)                See the latexrelease package for details.

Already applied: [0000/00/00] Old fixltx2e package on input line 53.
) (c:/Users/dupred/AppData/Roaming/TinyTeX/texmf-dist/tex/latex/base/fontenc.st
y
Package: fontenc 2018/08/11 v2.0j Standard LaTeX package
(c:/Users/dupred/AppData/Roaming/TinyTeX/texmf-dist/tex/latex/base/t1enc.def
File: t1enc.def 2018/08/11 v2.0j Standard LaTeX file
LaTeX Font Info:    Redeclaring font encoding T1 on input line 48.
))
(c:/Users/dupred/AppData/Roaming/TinyTeX/texmf-dist/tex/latex/base/inputenc.sty
Package: inputenc 2018/08/11 v1.3c Input encoding file
\inpenc@prehook=\toks22
\inpenc@posthook=\toks23
)
(c:/Users/dupred/AppData/Roaming/TinyTeX/texmf-dist/tex/latex/upquote/upquote.s
ty
Package: upquote 2012/04/19 v1.3 upright-quote and grave-accent glyphs in verba
tim

(c:/Users/dupred/AppData/Roaming/TinyTeX/texmf-dist/tex/latex/base/textcomp.sty
Package: textcomp 2018/08/11 v2.0j Standard LaTeX package
Package textcomp Info: Sub-encoding information:
(textcomp)               5 = only ISO-Adobe without \textcurrency
(textcomp)               4 = 5 + \texteuro
(textcomp)               3 = 4 + \textohm
(textcomp)               2 = 3 + \textestimated + \textcurrency
(textcomp)               1 = TS1 - \textcircled - \t
(textcomp)               0 = TS1 (full)
(textcomp)             Font families with sub-encoding setting implement
(textcomp)             only a restricted character set as indicated.
(textcomp)             Family '?' is the default used for unknown fonts.
(textcomp)             See the documentation for details.
Package textcomp Info: Setting ? sub-encoding to TS1/1 on input line 79.
(c:/Users/dupred/AppData/Roaming/TinyTeX/texmf-dist/tex/latex/base/ts1enc.def
File: ts1enc.def 2001/06/05 v3.0e (jk/car/fm) Standard LaTeX file
Now handling font encoding TS1 ...
... processing UTF-8 mapping file for font encoding TS1
(c:/Users/dupred/AppData/Roaming/TinyTeX/texmf-dist/tex/latex/base/ts1enc.dfu
File: ts1enc.dfu 2018/10/05 v1.2f UTF-8 support for inputenc
   defining Unicode char U+00A2 (decimal 162)
   defining Unicode char U+00A3 (decimal 163)
   defining Unicode char U+00A4 (decimal 164)
   defining Unicode char U+00A5 (decimal 165)
   defining Unicode char U+00A6 (decimal 166)
   defining Unicode char U+00A7 (decimal 167)
   defining Unicode char U+00A8 (decimal 168)
   defining Unicode char U+00A9 (decimal 169)
   defining Unicode char U+00AA (decimal 170)
   defining Unicode char U+00AC (decimal 172)
   defining Unicode char U+00AE (decimal 174)
   defining Unicode char U+00AF (decimal 175)
   defining Unicode char U+00B0 (decimal 176)
   defining Unicode char U+00B1 (decimal 177)
   defining Unicode char U+00B2 (decimal 178)
   defining Unicode char U+00B3 (decimal 179)
   defining Unicode char U+00B4 (decimal 180)
   defining Unicode char U+00B5 (decimal 181)
   defining Unicode char U+00B6 (decimal 182)
   defining Unicode char U+00B7 (decimal 183)
   defining Unicode char U+00B9 (decimal 185)
   defining Unicode char U+00BA (decimal 186)
   defining Unicode char U+00BC (decimal 188)
   defining Unicode char U+00BD (decimal 189)
   defining Unicode char U+00BE (decimal 190)
   defining Unicode char U+00D7 (decimal 215)
   defining Unicode char U+00F7 (decimal 247)
   defining Unicode char U+0192 (decimal 402)
   defining Unicode char U+02C7 (decimal 711)
   defining Unicode char U+02D8 (decimal 728)
   defining Unicode char U+02DD (decimal 733)
   defining Unicode char U+0E3F (decimal 3647)
   defining Unicode char U+2016 (decimal 8214)
   defining Unicode char U+2020 (decimal 8224)
   defining Unicode char U+2021 (decimal 8225)
   defining Unicode char U+2022 (decimal 8226)
   defining Unicode char U+2030 (decimal 8240)
   defining Unicode char U+2031 (decimal 8241)
   defining Unicode char U+203B (decimal 8251)
   defining Unicode char U+203D (decimal 8253)
   defining Unicode char U+2044 (decimal 8260)
   defining Unicode char U+204E (decimal 8270)
   defining Unicode char U+2052 (decimal 8274)
   defining Unicode char U+20A1 (decimal 8353)
   defining Unicode char U+20A4 (decimal 8356)
   defining Unicode char U+20A6 (decimal 8358)
   defining Unicode char U+20A9 (decimal 8361)
   defining Unicode char U+20AB (decimal 8363)
   defining Unicode char U+20AC (decimal 8364)
   defining Unicode char U+20B1 (decimal 8369)
   defining Unicode char U+2103 (decimal 8451)
   defining Unicode char U+2116 (decimal 8470)
   defining Unicode char U+2117 (decimal 8471)
   defining Unicode char U+211E (decimal 8478)
   defining Unicode char U+2120 (decimal 8480)
   defining Unicode char U+2122 (decimal 8482)
   defining Unicode char U+2126 (decimal 8486)
   defining Unicode char U+2127 (decimal 8487)
   defining Unicode char U+212E (decimal 8494)
   defining Unicode char U+2190 (decimal 8592)
   defining Unicode char U+2191 (decimal 8593)
   defining Unicode char U+2192 (decimal 8594)
   defining Unicode char U+2193 (decimal 8595)
   defining Unicode char U+2329 (decimal 9001)
   defining Unicode char U+232A (decimal 9002)
   defining Unicode char U+2422 (decimal 9250)
   defining Unicode char U+25E6 (decimal 9702)
   defining Unicode char U+25EF (decimal 9711)
   defining Unicode char U+266A (decimal 9834)
   defining Unicode char U+FEFF (decimal 65279)
))
LaTeX Info: Redefining \oldstylenums on input line 334.
Package textcomp Info: Setting cmr sub-encoding to TS1/0 on input line 349.
Package textcomp Info: Setting cmss sub-encoding to TS1/0 on input line 350.
Package textcomp Info: Setting cmtt sub-encoding to TS1/0 on input line 351.
Package textcomp Info: Setting cmvtt sub-encoding to TS1/0 on input line 352.
Package textcomp Info: Setting cmbr sub-encoding to TS1/0 on input line 353.
Package textcomp Info: Setting cmtl sub-encoding to TS1/0 on input line 354.
Package textcomp Info: Setting ccr sub-encoding to TS1/0 on input line 355.
Package textcomp Info: Setting ptm sub-encoding to TS1/4 on input line 356.
Package textcomp Info: Setting pcr sub-encoding to TS1/4 on input line 357.
Package textcomp Info: Setting phv sub-encoding to TS1/4 on input line 358.
Package textcomp Info: Setting ppl sub-encoding to TS1/3 on input line 359.
Package textcomp Info: Setting pag sub-encoding to TS1/4 on input line 360.
Package textcomp Info: Setting pbk sub-encoding to TS1/4 on input line 361.
Package textcomp Info: Setting pnc sub-encoding to TS1/4 on input line 362.
Package textcomp Info: Setting pzc sub-encoding to TS1/4 on input line 363.
Package textcomp Info: Setting bch sub-encoding to TS1/4 on input line 364.
Package textcomp Info: Setting put sub-encoding to TS1/5 on input line 365.
Package textcomp Info: Setting uag sub-encoding to TS1/5 on input line 366.
Package textcomp Info: Setting ugq sub-encoding to TS1/5 on input line 367.
Package textcomp Info: Setting ul8 sub-encoding to TS1/4 on input line 368.
Package textcomp Info: Setting ul9 sub-encoding to TS1/4 on input line 369.
Package textcomp Info: Setting augie sub-encoding to TS1/5 on input line 370.
Package textcomp Info: Setting dayrom sub-encoding to TS1/3 on input line 371.
Package textcomp Info: Setting dayroms sub-encoding to TS1/3 on input line 372.

Package textcomp Info: Setting pxr sub-encoding to TS1/0 on input line 373.
Package textcomp Info: Setting pxss sub-encoding to TS1/0 on input line 374.
Package textcomp Info: Setting pxtt sub-encoding to TS1/0 on input line 375.
Package textcomp Info: Setting txr sub-encoding to TS1/0 on input line 376.
Package textcomp Info: Setting txss sub-encoding to TS1/0 on input line 377.
Package textcomp Info: Setting txtt sub-encoding to TS1/0 on input line 378.
Package textcomp Info: Setting lmr sub-encoding to TS1/0 on input line 379.
Package textcomp Info: Setting lmdh sub-encoding to TS1/0 on input line 380.
Package textcomp Info: Setting lmss sub-encoding to TS1/0 on input line 381.
Package textcomp Info: Setting lmssq sub-encoding to TS1/0 on input line 382.
Package textcomp Info: Setting lmvtt sub-encoding to TS1/0 on input line 383.
Package textcomp Info: Setting lmtt sub-encoding to TS1/0 on input line 384.
Package textcomp Info: Setting qhv sub-encoding to TS1/0 on input line 385.
Package textcomp Info: Setting qag sub-encoding to TS1/0 on input line 386.
Package textcomp Info: Setting qbk sub-encoding to TS1/0 on input line 387.
Package textcomp Info: Setting qcr sub-encoding to TS1/0 on input line 388.
Package textcomp Info: Setting qcs sub-encoding to TS1/0 on input line 389.
Package textcomp Info: Setting qpl sub-encoding to TS1/0 on input line 390.
Package textcomp Info: Setting qtm sub-encoding to TS1/0 on input line 391.
Package textcomp Info: Setting qzc sub-encoding to TS1/0 on input line 392.
Package textcomp Info: Setting qhvc sub-encoding to TS1/0 on input line 393.
Package textcomp Info: Setting futs sub-encoding to TS1/4 on input line 394.
Package textcomp Info: Setting futx sub-encoding to TS1/4 on input line 395.
Package textcomp Info: Setting futj sub-encoding to TS1/4 on input line 396.
Package textcomp Info: Setting hlh sub-encoding to TS1/3 on input line 397.
Package textcomp Info: Setting hls sub-encoding to TS1/3 on input line 398.
Package textcomp Info: Setting hlst sub-encoding to TS1/3 on input line 399.
Package textcomp Info: Setting hlct sub-encoding to TS1/5 on input line 400.
Package textcomp Info: Setting hlx sub-encoding to TS1/5 on input line 401.
Package textcomp Info: Setting hlce sub-encoding to TS1/5 on input line 402.
Package textcomp Info: Setting hlcn sub-encoding to TS1/5 on input line 403.
Package textcomp Info: Setting hlcw sub-encoding to TS1/5 on input line 404.
Package textcomp Info: Setting hlcf sub-encoding to TS1/5 on input line 405.
Package textcomp Info: Setting pplx sub-encoding to TS1/3 on input line 406.
Package textcomp Info: Setting pplj sub-encoding to TS1/3 on input line 407.
Package textcomp Info: Setting ptmx sub-encoding to TS1/4 on input line 408.
Package textcomp Info: Setting ptmj sub-encoding to TS1/4 on input line 409.
))
(c:/Users/dupred/AppData/Roaming/TinyTeX/texmf-dist/tex/latex/microtype/microty
pe.sty
Package: microtype 2019/02/28 v2.7b Micro-typographical refinements (RS)
\MT@toks=\toks24
\MT@count=\count116
LaTeX Info: Redefining \textls on input line 790.
\MT@outer@kern=\dimen142
LaTeX Info: Redefining \textmicrotypecontext on input line 1336.
\MT@listname@count=\count117

(c:/Users/dupred/AppData/Roaming/TinyTeX/texmf-dist/tex/latex/microtype/microty
pe-pdftex.def
File: microtype-pdftex.def 2019/02/28 v2.7b Definitions specific to pdftex (RS)

LaTeX Info: Redefining \lsstyle on input line 914.
LaTeX Info: Redefining \lslig on input line 914.
\MT@outer@space=\skip68
)
Package microtype Info: Loading configuration file microtype.cfg.

(c:/Users/dupred/AppData/Roaming/TinyTeX/texmf-dist/tex/latex/microtype/microty
pe.cfg
File: microtype.cfg 2019/02/28 v2.7b microtype main configuration file (RS)
))
(c:/Users/dupred/AppData/Roaming/TinyTeX/texmf-dist/tex/latex/hyperref/hyperref
.sty
Package: hyperref 2018/11/30 v6.88e Hypertext links for LaTeX

(c:/Users/dupred/AppData/Roaming/TinyTeX/texmf-dist/tex/generic/oberdiek/hobsub
-hyperref.sty
Package: hobsub-hyperref 2016/05/16 v1.14 Bundle oberdiek, subset hyperref (HO)


(c:/Users/dupred/AppData/Roaming/TinyTeX/texmf-dist/tex/generic/oberdiek/hobsub
-generic.sty
Package: hobsub-generic 2016/05/16 v1.14 Bundle oberdiek, subset generic (HO)
Package: hobsub 2016/05/16 v1.14 Construct package bundles (HO)
Package: infwarerr 2016/05/16 v1.4 Providing info/warning/error messages (HO)
Package: ltxcmds 2016/05/16 v1.23 LaTeX kernel commands for general use (HO)
Package hobsub Info: Skipping package `ifluatex' (already loaded).
Package hobsub Info: Skipping package `ifvtex' (already loaded).
Package: intcalc 2016/05/16 v1.2 Expandable calculations with integers (HO)
Package hobsub Info: Skipping package `ifpdf' (already loaded).
Package: etexcmds 2016/05/16 v1.6 Avoid name clashes with e-TeX commands (HO)
Package: kvsetkeys 2016/05/16 v1.17 Key value parser (HO)
Package: kvdefinekeys 2016/05/16 v1.4 Define keys (HO)
Package: pdftexcmds 2018/09/10 v0.29 Utility functions of pdfTeX for LuaTeX (HO
)
Package pdftexcmds Info: LuaTeX not detected.
Package pdftexcmds Info: \pdf@primitive is available.
Package pdftexcmds Info: \pdf@ifprimitive is available.
Package pdftexcmds Info: \pdfdraftmode found.
Package: pdfescape 2016/05/16 v1.14 Implements pdfTeX's escape features (HO)
Package: bigintcalc 2016/05/16 v1.4 Expandable calculations on big integers (HO
)
Package: bitset 2016/05/16 v1.2 Handle bit-vector datatype (HO)
Package: uniquecounter 2016/05/16 v1.3 Provide unlimited unique counter (HO)
)
Package hobsub Info: Skipping package `hobsub' (already loaded).
Package: letltxmacro 2016/05/16 v1.5 Let assignment for LaTeX macros (HO)
Package: hopatch 2016/05/16 v1.3 Wrapper for package hooks (HO)
Package: xcolor-patch 2016/05/16 xcolor patch
Package: atveryend 2016/05/16 v1.9 Hooks at the very end of document (HO)
Package: atbegshi 2016/06/09 v1.18 At begin shipout hook (HO)
Package: refcount 2016/05/16 v3.5 Data extraction from label references (HO)
Package: hycolor 2016/05/16 v1.8 Color options for hyperref/bookmark (HO)
)
(c:/Users/dupred/AppData/Roaming/TinyTeX/texmf-dist/tex/latex/oberdiek/auxhook.
sty
Package: auxhook 2016/05/16 v1.4 Hooks for auxiliary files (HO)
)
(c:/Users/dupred/AppData/Roaming/TinyTeX/texmf-dist/tex/latex/oberdiek/kvoption
s.sty
Package: kvoptions 2016/05/16 v3.12 Key value format for package options (HO)
)
\@linkdim=\dimen143
\Hy@linkcounter=\count118
\Hy@pagecounter=\count119

(c:/Users/dupred/AppData/Roaming/TinyTeX/texmf-dist/tex/latex/hyperref/pd1enc.d
ef
File: pd1enc.def 2018/11/30 v6.88e Hyperref: PDFDocEncoding definition (HO)
Now handling font encoding PD1 ...
... no UTF-8 mapping file for font encoding PD1
)
\Hy@SavedSpaceFactor=\count120

(c:/Users/dupred/AppData/Roaming/TinyTeX/texmf-dist/tex/latex/latexconfig/hyper
ref.cfg
File: hyperref.cfg 2002/06/06 v1.2 hyperref configuration of TeXLive
)
Package hyperref Info: Hyper figures OFF on input line 4519.
Package hyperref Info: Link nesting OFF on input line 4524.
Package hyperref Info: Hyper index ON on input line 4527.
Package hyperref Info: Plain pages OFF on input line 4534.
Package hyperref Info: Backreferencing OFF on input line 4539.
Package hyperref Info: Implicit mode ON; LaTeX internals redefined.
Package hyperref Info: Bookmarks ON on input line 4772.
\c@Hy@tempcnt=\count121
(c:/Users/dupred/AppData/Roaming/TinyTeX/texmf-dist/tex/latex/url/url.sty
\Urlmuskip=\muskip11
Package: url 2013/09/16  ver 3.4  Verb mode for urls, etc.
)
LaTeX Info: Redefining \url on input line 5125.
\XeTeXLinkMargin=\dimen144
\Fld@menulength=\count122
\Field@Width=\dimen145
\Fld@charsize=\dimen146
Package hyperref Info: Hyper figures OFF on input line 6380.
Package hyperref Info: Link nesting OFF on input line 6385.
Package hyperref Info: Hyper index ON on input line 6388.
Package hyperref Info: backreferencing OFF on input line 6395.
Package hyperref Info: Link coloring OFF on input line 6400.
Package hyperref Info: Link coloring with OCG OFF on input line 6405.
Package hyperref Info: PDF/A mode OFF on input line 6410.
LaTeX Info: Redefining \ref on input line 6450.
LaTeX Info: Redefining \pageref on input line 6454.
\Hy@abspage=\count123
\c@Item=\count124
\c@Hfootnote=\count125
)
Package hyperref Info: Driver (autodetected): hpdftex.

(c:/Users/dupred/AppData/Roaming/TinyTeX/texmf-dist/tex/latex/hyperref/hpdftex.
def
File: hpdftex.def 2018/11/30 v6.88e Hyperref driver for pdfTeX
\Fld@listcount=\count126
\c@bookmark@seq@number=\count127

(c:/Users/dupred/AppData/Roaming/TinyTeX/texmf-dist/tex/latex/oberdiek/rerunfil
echeck.sty
Package: rerunfilecheck 2016/05/16 v1.8 Rerun checks for auxiliary files (HO)
Package uniquecounter Info: New unique counter `rerunfilecheck' on input line 2
82.
)
\Hy@SectionHShift=\skip69
)
Package hyperref Info: Option `unicode' set `true' on input line 30.

(c:/Users/dupred/AppData/Roaming/TinyTeX/texmf-dist/tex/latex/hyperref/puenc.de
f
File: puenc.def 2018/11/30 v6.88e Hyperref: PDF Unicode definition (HO)
Now handling font encoding PU ...
... no UTF-8 mapping file for font encoding PU
)
Package hyperref Info: Option `breaklinks' set `true' on input line 30.

(c:/Users/dupred/AppData/Roaming/TinyTeX/texmf-dist/tex/latex/tools/longtable.s
ty
Package: longtable 2014/10/28 v4.11 Multi-page Table package (DPC)+ FMi change
\LTleft=\skip70
\LTright=\skip71
\LTpre=\skip72
\LTpost=\skip73
\LTchunksize=\count128
\LTcapwidth=\dimen147
\LT@head=\box31
\LT@firsthead=\box32
\LT@foot=\box33
\LT@lastfoot=\box34
\LT@cols=\count129
\LT@rows=\count130
\c@LT@tables=\count131
\c@LT@chunks=\count132
\LT@p@ftn=\toks25
)
(c:/Users/dupred/AppData/Roaming/TinyTeX/texmf-dist/tex/latex/oberdiek/grffile.
sty
Package: grffile 2017/06/30 v1.18 Extended file name support for graphics (HO)
Package grffile Info: Option `multidot' is set to `true'.
Package grffile Info: Option `extendedchars' is set to `false'.
Package grffile Info: Option `space' is set to `true'.
Package grffile Info: \Gin@ii of package `graphicx' fixed on input line 494.
)
(c:/Users/dupred/AppData/Roaming/TinyTeX/texmf-dist/tex/latex/parskip/parskip.s
ty
Package: parskip 2019-01-16 v2.0c non-zero parskip adjustments
)
(c:/Users/dupred/AppData/Roaming/TinyTeX/texmf-dist/tex/latex/csquotes/csquotes
.sty
Package: csquotes 2019/05/10 v5.2e context-sensitive quotations (JAW)
\csq@reset=\count133
\csq@gtype=\count134
\csq@glevel=\count135
\csq@qlevel=\count136
\csq@maxlvl=\count137
\csq@tshold=\count138
\csq@ltx@everypar=\toks26

(c:/Users/dupred/AppData/Roaming/TinyTeX/texmf-dist/tex/latex/csquotes/csquotes
.def
File: csquotes.def 2019/05/10 v5.2e csquotes generic definitions (JAW)
)
Package csquotes Info: Trying to load configuration file 'csquotes.cfg'...
Package csquotes Info: ... configuration file loaded successfully.

(c:/Users/dupred/AppData/Roaming/TinyTeX/texmf-dist/tex/latex/csquotes/csquotes
.cfg
File: csquotes.cfg 
)) (c:/Users/dupred/AppData/Roaming/TinyTeX/texmf-dist/tex/latex/was/upgreek.st
y
Package: upgreek 2003/02/12 v2.0 (WaS)
Package upgreek Info: Using Euler Roman for upright Greek on input line 31.
\symugrf@m=\mathgroup9
LaTeX Font Info:    Overwriting symbol font `ugrf@m' in version `bold'
(Font)                  U/eur/m/n --> U/eur/b/n on input line 38.
)
(c:/Users/dupred/AppData/Roaming/TinyTeX/texmf-dist/tex/latex/graphics/lscape.s
ty
Package: lscape 2000/10/22 v3.01 Landscape Pages (DPC)
)
(c:/Users/dupred/AppData/Roaming/TinyTeX/texmf-dist/tex/latex/multirow/multirow
.sty
Package: multirow 2019/01/01 v2.4 Span multiple rows of a table
\multirow@colwidth=\skip74
\multirow@cntb=\count139
\multirow@dima=\skip75
\bigstrutjot=\dimen148
)
(c:/Users/dupred/AppData/Roaming/TinyTeX/texmf-dist/tex/latex/tools/tabularx.st
y
Package: tabularx 2016/02/03 v2.11b `tabularx' package (DPC)
(c:/Users/dupred/AppData/Roaming/TinyTeX/texmf-dist/tex/latex/tools/array.sty
Package: array 2018/12/30 v2.4k Tabular extension package (FMi)
\col@sep=\dimen149
\ar@mcellbox=\box35
\extrarowheight=\dimen150
\NC@list=\toks27
\extratabsurround=\skip76
\backup@length=\skip77
\ar@cellbox=\box36
)
\TX@col@width=\dimen151
\TX@old@table=\dimen152
\TX@old@col=\dimen153
\TX@target=\dimen154
\TX@delta=\dimen155
\TX@cols=\count140
\TX@ftn=\toks28
)
(c:/Users/dupred/AppData/Roaming/TinyTeX/texmf-dist/tex/latex/threeparttablex/t
hreeparttablex.sty
Package: threeparttablex 2013/07/23 v0.3 by daleif

(c:/Users/dupred/AppData/Roaming/TinyTeX/texmf-dist/tex/latex/environ/environ.s
ty
Package: environ 2014/05/04 v0.3 A new way to define environments

(c:/Users/dupred/AppData/Roaming/TinyTeX/texmf-dist/tex/latex/trimspaces/trimsp
aces.sty
Package: trimspaces 2009/09/17 v1.1 Trim spaces around a token list
))
\TPTL@width=\skip78
)
\longtablewidth=\skip79

(c:/Users/dupred/AppData/Roaming/TinyTeX/texmf-dist/tex/latex/lineno/lineno.sty
Package: lineno 2005/11/02 line numbers on paragraphs v4.41
\linenopenalty=\count141
\output=\toks29
\linenoprevgraf=\count142
\linenumbersep=\dimen156
\linenumberwidth=\dimen157
\c@linenumber=\count143
\c@pagewiselinenumber=\count144
\c@LN@truepage=\count145
\c@internallinenumber=\count146
\c@internallinenumbers=\count147
\quotelinenumbersep=\dimen158
\bframerule=\dimen159
\bframesep=\dimen160
\bframebox=\box37

LaTeX Warning: Command \@parboxrestore  has changed.
               Check if current package is valid.

LaTeX Info: Redefining \\ on input line 3056.
) (c:/Users/dupred/AppData/Roaming/TinyTeX/texmf-dist/tex/latex/float/float.sty
Package: float 2001/11/08 v1.3d Float enhancements (AL)
\c@float@type=\count148
\float@exts=\toks30
\float@box=\box38
\@float@everytoks=\toks31
\@floatcapt=\box39
) (c:/Users/dupred/AppData/Roaming/TinyTeX/texmf-dist/tex/latex/tabu/tabu.sty
Package: tabu 2019/01/11 v2.9 - flexible LaTeX tabulars (FC+tabu-fixed)

(c:/Users/dupred/AppData/Roaming/TinyTeX/texmf-dist/tex/latex/varwidth/varwidth
.sty
Package: varwidth 2009/03/30 ver 0.92;  Variable-width minipages
\@vwid@box=\box40
\sift@deathcycles=\count149
\@vwid@loff=\dimen161
\@vwid@roff=\dimen162
)
\c@taburow=\count150
\tabu@nbcols=\count151
\tabu@cnt=\count152
\tabu@Xcol=\count153
\tabu@alloc=\count154
\tabu@nested=\count155
\tabu@target=\dimen163
\tabu@spreadtarget=\dimen164
\tabu@naturalX=\dimen165
\tabucolX=\dimen166
\tabu@Xsum=\dimen167
\extrarowdepth=\dimen168
\abovetabulinesep=\dimen169
\belowtabulinesep=\dimen170
\tabustrutrule=\dimen171
\tabu@thebody=\toks32
\tabu@footnotes=\toks33
\tabu@box=\box41
\tabu@arstrutbox=\box42
\tabu@hleads=\box43
\tabu@vleads=\box44
\tabu@cellskip=\skip80
)
(c:/Users/dupred/AppData/Roaming/TinyTeX/texmf-dist/tex/latex/wrapfig/wrapfig.s
ty
\wrapoverhang=\dimen172
\WF@size=\dimen173
\c@WF@wrappedlines=\count156
\WF@box=\box45
\WF@everypar=\toks34
Package: wrapfig 2003/01/31  v 3.6
)
(c:/Users/dupred/AppData/Roaming/TinyTeX/texmf-dist/tex/latex/hyphenat/hyphenat
.sty
Package: hyphenat 2009/09/02 v2.3c hyphenation utilities
\langwohyphens=\language3
LaTeX Info: Redefining \_ on input line 43.
)
(c:/Users/dupred/AppData/Roaming/TinyTeX/texmf-dist/tex/latex/sttools/flushend.
sty
Package: flushend 2017/03/27 v3.3 Balancing columns in twocolumn mode
\flushend@@lastskip@a=\skip81
\flushend@@lastskip@b=\skip82
\flushend@@lastskip@c=\skip83
\flushend@@penalty@a=\count157
\flushend@@lastkern@a=\dimen174
\var@@temp@spread=\dimen175
\var@@temp@a=\dimen176
\flushend@@page@rule=\dimen177
\flushend@@varbox@a=\box46
\flushend@@varbox@c=\box47
\flushend@@tempbox@a=\box48
\flushend@@tempbox@c=\box49
\@viper=\box50
\hold@viper=\box51
\atColsBreak=\toks35
\atColsEnd=\toks36
)
(c:/Users/dupred/AppData/Roaming/TinyTeX/texmf-dist/tex/latex/biblatex/biblatex
.sty
Package: biblatex 2018/11/02 v3.12 programmable bibliographies (PK/MW)

(c:/Users/dupred/AppData/Roaming/TinyTeX/texmf-dist/tex/latex/logreq/logreq.sty
Package: logreq 2010/08/04 v1.0 xml request logger
\lrq@indent=\count158

(c:/Users/dupred/AppData/Roaming/TinyTeX/texmf-dist/tex/latex/logreq/logreq.def
File: logreq.def 2010/08/04 v1.0 logreq spec v1.0
)) (c:/Users/dupred/AppData/Roaming/TinyTeX/texmf-dist/tex/latex/base/ifthen.st
y
Package: ifthen 2014/09/29 v1.1c Standard LaTeX ifthen package (DPC)
)
\c@tabx@nest=\count159
\c@listtotal=\count160
\c@listcount=\count161
\c@liststart=\count162
\c@liststop=\count163
\c@citecount=\count164
\c@citetotal=\count165
\c@multicitecount=\count166
\c@multicitetotal=\count167
\c@instcount=\count168
\c@maxnames=\count169
\c@minnames=\count170
\c@maxitems=\count171
\c@minitems=\count172
\c@citecounter=\count173
\c@maxcitecounter=\count174
\c@savedcitecounter=\count175
\c@uniquelist=\count176
\c@uniquename=\count177
\c@refsection=\count178
\c@refsegment=\count179
\c@maxextratitle=\count180
\c@maxextratitleyear=\count181
\c@maxextraname=\count182
\c@maxextradate=\count183
\c@maxextraalpha=\count184
\c@abbrvpenalty=\count185
\c@highnamepenalty=\count186
\c@lownamepenalty=\count187
\c@maxparens=\count188
\c@parenlevel=\count189
\blx@tempcnta=\count190
\blx@tempcntb=\count191
\blx@tempcntc=\count192
\blx@maxsection=\count193
\blx@maxsegment@0=\count194
\blx@notetype=\count195
\blx@parenlevel@text=\count196
\blx@parenlevel@foot=\count197
\blx@sectionciteorder@0=\count198
\blx@entrysetcounter=\count199
\labelnumberwidth=\skip84
\labelalphawidth=\skip85
\biblabelsep=\skip86
\bibitemsep=\skip87
\bibnamesep=\skip88
\bibinitsep=\skip89
\bibparsep=\skip90
\bibhang=\skip91
\blx@bcfin=\read1
\blx@bcfout=\write5
\c@mincomprange=\count266
\c@maxcomprange=\count267
\c@mincompwidth=\count268
Package biblatex Info: Trying to load biblatex default data model...
Package biblatex Info: ... file 'blx-dm.def' found.

(c:/Users/dupred/AppData/Roaming/TinyTeX/texmf-dist/tex/latex/biblatex/blx-dm.d
ef
File: blx-dm.def 2018/11/02 v3.12 biblatex localization (PK/MW)
)
Package biblatex Info: Trying to load biblatex custom data model...
Package biblatex Info: ... file 'biblatex-dm.cfg' not found.
\c@afterword=\count269
\c@savedafterword=\count270
\c@annotator=\count271
\c@savedannotator=\count272
\c@author=\count273
\c@savedauthor=\count274
\c@bookauthor=\count275
\c@savedbookauthor=\count276
\c@commentator=\count277
\c@savedcommentator=\count278
\c@editor=\count279
\c@savededitor=\count280
\c@editora=\count281
\c@savededitora=\count282
\c@editorb=\count283
\c@savededitorb=\count284
\c@editorc=\count285
\c@savededitorc=\count286
\c@foreword=\count287
\c@savedforeword=\count288
\c@holder=\count289
\c@savedholder=\count290
\c@introduction=\count291
\c@savedintroduction=\count292
\c@namea=\count293
\c@savednamea=\count294
\c@nameb=\count295
\c@savednameb=\count296
\c@namec=\count297
\c@savednamec=\count298
\c@translator=\count299
\c@savedtranslator=\count300
\c@shortauthor=\count301
\c@savedshortauthor=\count302
\c@shorteditor=\count303
\c@savedshorteditor=\count304
\c@labelname=\count305
\c@savedlabelname=\count306
\c@institution=\count307
\c@savedinstitution=\count308
\c@lista=\count309
\c@savedlista=\count310
\c@listb=\count311
\c@savedlistb=\count312
\c@listc=\count313
\c@savedlistc=\count314
\c@listd=\count315
\c@savedlistd=\count316
\c@liste=\count317
\c@savedliste=\count318
\c@listf=\count319
\c@savedlistf=\count320
\c@location=\count321
\c@savedlocation=\count322
\c@organization=\count323
\c@savedorganization=\count324
\c@origlocation=\count325
\c@savedoriglocation=\count326
\c@origpublisher=\count327
\c@savedorigpublisher=\count328
\c@publisher=\count329
\c@savedpublisher=\count330
\c@language=\count331
\c@savedlanguage=\count332
\c@origlanguage=\count333
\c@savedoriglanguage=\count334
\c@pageref=\count335
\c@savedpageref=\count336
\shorthandwidth=\skip92
\shortjournalwidth=\skip93
\shortserieswidth=\skip94
\shorttitlewidth=\skip95
\shortauthorwidth=\skip96
\shorteditorwidth=\skip97
\locallabelnumberwidth=\skip98
\locallabelalphawidth=\skip99
\localshorthandwidth=\skip100
\localshortjournalwidth=\skip101
\localshortserieswidth=\skip102
\localshorttitlewidth=\skip103
\localshortauthorwidth=\skip104
\localshorteditorwidth=\skip105
Package biblatex Info: Trying to load compatibility code...
Package biblatex Info: ... file 'blx-compat.def' found.

(c:/Users/dupred/AppData/Roaming/TinyTeX/texmf-dist/tex/latex/biblatex/blx-comp
at.def
File: blx-compat.def 2018/11/02 v3.12 biblatex compatibility (PK/MW)
)
Package biblatex Info: Trying to load generic definitions...
Package biblatex Info: ... file 'biblatex.def' found.

(c:/Users/dupred/AppData/Roaming/TinyTeX/texmf-dist/tex/latex/biblatex/biblatex
.def
File: biblatex.def 2018/11/02 v3.12 biblatex compatibility (PK/MW)
\c@textcitecount=\count337
\c@textcitetotal=\count338
\c@textcitemaxnames=\count339
\c@biburlnumpenalty=\count340
\c@biburlucpenalty=\count341
\c@biburllcpenalty=\count342
\c@smartand=\count343
)
Package biblatex Info: Trying to load bibliography style 'numeric'...
Package biblatex Info: ... file 'numeric.bbx' found.

(c:/Users/dupred/AppData/Roaming/TinyTeX/texmf-dist/tex/latex/biblatex/bbx/nume
ric.bbx
File: numeric.bbx 2018/11/02 v3.12 biblatex bibliography style (PK/MW)
Package biblatex Info: Trying to load bibliography style 'standard'...
Package biblatex Info: ... file 'standard.bbx' found.

(c:/Users/dupred/AppData/Roaming/TinyTeX/texmf-dist/tex/latex/biblatex/bbx/stan
dard.bbx
File: standard.bbx 2018/11/02 v3.12 biblatex bibliography style (PK/MW)
\c@bbx:relatedcount=\count344
\c@bbx:relatedtotal=\count345
))
Package biblatex Info: Trying to load citation style 'numeric'...
Package biblatex Info: ... file 'numeric.cbx' found.

(c:/Users/dupred/AppData/Roaming/TinyTeX/texmf-dist/tex/latex/biblatex/cbx/nume
ric.cbx
File: numeric.cbx 2018/11/02 v3.12 biblatex citation style (PK/MW)
Package biblatex Info: Redefining '\cite'.
Package biblatex Info: Redefining '\parencite'.
Package biblatex Info: Redefining '\footcite'.
Package biblatex Info: Redefining '\footcitetext'.
Package biblatex Info: Redefining '\smartcite'.
Package biblatex Info: Redefining '\supercite'.
Package biblatex Info: Redefining '\textcite'.
Package biblatex Info: Redefining '\textcites'.
Package biblatex Info: Redefining '\cites'.
Package biblatex Info: Redefining '\parencites'.
Package biblatex Info: Redefining '\smartcites'.
)
Package biblatex Info: Trying to load configuration file...
Package biblatex Info: ... file 'biblatex.cfg' found.

(c:/Users/dupred/AppData/Roaming/TinyTeX/texmf-dist/tex/latex/biblatex/biblatex
.cfg
File: biblatex.cfg 
))
Package csquotes Info: Checking for multilingual support...
Package csquotes Info: ... none found.
Package biblatex Info: Trying to load language 'english'...
Package biblatex Info: ... file 'english.lbx' found.

(c:/Users/dupred/AppData/Roaming/TinyTeX/texmf-dist/tex/latex/biblatex/lbx/engl
ish.lbx
File: english.lbx 2018/11/02 v3.12 biblatex localization (PK/MW)
) (./manuscript_apa.aux)
\openout1 = `manuscript_apa.aux'.

LaTeX Font Info:    Checking defaults for OML/cmm/m/it on input line 124.
LaTeX Font Info:    ... okay on input line 124.
LaTeX Font Info:    Checking defaults for T1/cmr/m/n on input line 124.
LaTeX Font Info:    ... okay on input line 124.
LaTeX Font Info:    Checking defaults for OT1/cmr/m/n on input line 124.
LaTeX Font Info:    ... okay on input line 124.
LaTeX Font Info:    Checking defaults for OMS/cmsy/m/n on input line 124.
LaTeX Font Info:    ... okay on input line 124.
LaTeX Font Info:    Checking defaults for OMX/cmex/m/n on input line 124.
LaTeX Font Info:    ... okay on input line 124.
LaTeX Font Info:    Checking defaults for U/cmr/m/n on input line 124.
LaTeX Font Info:    ... okay on input line 124.
LaTeX Font Info:    Checking defaults for TS1/cmr/m/n on input line 124.
LaTeX Font Info:    Try loading font information for TS1+cmr on input line 124.

(c:/Users/dupred/AppData/Roaming/TinyTeX/texmf-dist/tex/latex/base/ts1cmr.fd
File: ts1cmr.fd 2014/09/29 v2.5h Standard LaTeX font definitions
)
LaTeX Font Info:    ... okay on input line 124.
LaTeX Font Info:    Checking defaults for PD1/pdf/m/n on input line 124.
LaTeX Font Info:    ... okay on input line 124.
LaTeX Font Info:    Checking defaults for PU/pdf/m/n on input line 124.
LaTeX Font Info:    ... okay on input line 124.
LaTeX Font Info:    Try loading font information for T1+lmr on input line 124.
(c:/Users/dupred/AppData/Roaming/TinyTeX/texmf-dist/tex/latex/lm/t1lmr.fd
File: t1lmr.fd 2009/10/30 v1.6 Font defs for Latin Modern
)
*geometry* driver: auto-detecting
*geometry* detected driver: pdftex
*geometry* verbose mode - [ preamble ] result:
* driver: pdftex
* paper: <default>
* layout: <same size as paper>
* layoutoffset:(h,v)=(0.0pt,0.0pt)
* modes: twoside 
* h-part:(L,W,R)=(72.26999pt, 469.75502pt, 72.26999pt)
* v-part:(T,H,B)=(72.26999pt, 650.43001pt, 72.26999pt)
* \paperwidth=614.295pt
* \paperheight=794.96999pt
* \textwidth=469.75502pt
* \textheight=650.43001pt
* \oddsidemargin=0.0pt
* \evensidemargin=0.0pt
* \topmargin=-37.0pt
* \headheight=15.2pt
* \headsep=25.0pt
* \topskip=12.0pt
* \footskip=30.0pt
* \marginparwidth=95.0pt
* \marginparsep=10.0pt
* \columnsep=10.0pt
* \skip\footins=10.8pt plus 4.0pt minus 2.0pt
* \hoffset=0.0pt
* \voffset=0.0pt
* \mag=1000
* \@twocolumnfalse
* \@twosidetrue
* \@mparswitchtrue
* \@reversemarginfalse
* (1in=72.27pt=25.4mm, 1cm=28.453pt)


(c:/Users/dupred/AppData/Roaming/TinyTeX/texmf-dist/tex/latex/oberdiek/epstopdf
-base.sty
Package: epstopdf-base 2016/05/15 v2.6 Base part for package epstopdf

(c:/Users/dupred/AppData/Roaming/TinyTeX/texmf-dist/tex/latex/oberdiek/grfext.s
ty
Package: grfext 2016/05/16 v1.2 Manage graphics extensions (HO)
)
Package epstopdf-base Info: Redefining graphics rule for `.eps' on input line 4
38.
Package grfext Info: Graphics extension search list:
(grfext)             [.pdf,.png,.jpg,.mps,.jpeg,.jbig2,.jb2,.PDF,.PNG,.JPG,.JPE
G,.JBIG2,.JB2,.eps]
(grfext)             \AppendGraphicsExtensions on input line 456.

(c:/Users/dupred/AppData/Roaming/TinyTeX/texmf-dist/tex/latex/latexconfig/epsto
pdf-sys.cfg
File: epstopdf-sys.cfg 2010/07/13 v1.3 Configuration of (r)epstopdf for TeX Liv
e
))
(c:/Users/dupred/AppData/Roaming/TinyTeX/texmf-dist/tex/latex/apa6/config/APAam
erican.txt
File: APAamerican.txt 2012/02/23 v1.25 apa6 configuration for American English
)
Package caption Info: Begin \AtBeginDocument code.
Package caption Info: float package is loaded.
Package caption Info: hyperref package is loaded.
Package caption Info: longtable package is loaded.

(c:/Users/dupred/AppData/Roaming/TinyTeX/texmf-dist/tex/latex/caption/ltcaption
.sty
Package: ltcaption 2018/08/26 v1.4-95 longtable captions (AR)
)
Package caption Info: wrapfig package is loaded.
Package caption Info: End \AtBeginDocument code.
LaTeX Info: Redefining \microtypecontext on input line 124.
Package microtype Info: Generating PDF output.
Package microtype Info: Character protrusion enabled (level 2).
Package microtype Info: Using protrusion set `basicmath'.
Package microtype Info: Automatic font expansion enabled (level 2),
(microtype)             stretch: 20, shrink: 20, step: 1, non-selected.
Package microtype Info: Using default expansion set `basictext'.
Package microtype Info: No adjustment of tracking.
Package microtype Info: No adjustment of interword spacing.
Package microtype Info: No adjustment of character kerning.

(c:/Users/dupred/AppData/Roaming/TinyTeX/texmf-dist/tex/latex/microtype/mt-cmr.
cfg
File: mt-cmr.cfg 2013/05/19 v2.2 microtype config. file: Computer Modern Roman 
(RS)
)
\AtBeginShipoutBox=\box52
Package hyperref Info: Link coloring OFF on input line 124.

(c:/Users/dupred/AppData/Roaming/TinyTeX/texmf-dist/tex/latex/hyperref/nameref.
sty
Package: nameref 2016/05/21 v2.44 Cross-referencing by name of section

(c:/Users/dupred/AppData/Roaming/TinyTeX/texmf-dist/tex/generic/oberdiek/gettit
lestring.sty
Package: gettitlestring 2016/05/16 v1.5 Cleanup title references (HO)
)
\c@section@level=\count346
)
LaTeX Info: Redefining \ref on input line 124.
LaTeX Info: Redefining \pageref on input line 124.
LaTeX Info: Redefining \nameref on input line 124.
(./manuscript_apa.out) (./manuscript_apa.out)
\@outlinefile=\write6
\openout6 = `manuscript_apa.out'.

Package biblatex Info: Input encoding 'utf8' detected.
Package biblatex Info: Automatic encoding selection.
(biblatex)             Assuming data encoding 'utf8'.
\openout5 = `manuscript_apa.bcf'.

Package biblatex Info: Trying to load bibliographic data...
Package biblatex Info: ... file 'manuscript_apa.bbl' not found.
No file manuscript_apa.bbl.
Package biblatex Info: Reference section=0 on input line 124.
Package biblatex Info: Reference segment=0 on input line 124.
LaTeX Font Info:    Try loading font information for T1+lmss on input line 126.

(c:/Users/dupred/AppData/Roaming/TinyTeX/texmf-dist/tex/latex/lm/t1lmss.fd
File: t1lmss.fd 2009/10/30 v1.6 Font defs for Latin Modern
)
LaTeX Font Info:    Try loading font information for OT1+lmr on input line 126.

(c:/Users/dupred/AppData/Roaming/TinyTeX/texmf-dist/tex/latex/lm/ot1lmr.fd
File: ot1lmr.fd 2009/10/30 v1.6 Font defs for Latin Modern
)
LaTeX Font Info:    Try loading font information for OML+lmm on input line 126.

(c:/Users/dupred/AppData/Roaming/TinyTeX/texmf-dist/tex/latex/lm/omllmm.fd
File: omllmm.fd 2009/10/30 v1.6 Font defs for Latin Modern
)
LaTeX Font Info:    Try loading font information for OMS+lmsy on input line 126
.
(c:/Users/dupred/AppData/Roaming/TinyTeX/texmf-dist/tex/latex/lm/omslmsy.fd
File: omslmsy.fd 2009/10/30 v1.6 Font defs for Latin Modern
)
LaTeX Font Info:    Try loading font information for OMX+lmex on input line 126
.
(c:/Users/dupred/AppData/Roaming/TinyTeX/texmf-dist/tex/latex/lm/omxlmex.fd
File: omxlmex.fd 2009/10/30 v1.6 Font defs for Latin Modern
)
LaTeX Font Info:    External font `lmex10' loaded for size
(Font)              <12> on input line 126.
LaTeX Font Info:    External font `lmex10' loaded for size
(Font)              <8> on input line 126.
LaTeX Font Info:    External font `lmex10' loaded for size
(Font)              <6> on input line 126.
LaTeX Font Info:    Try loading font information for U+msa on input line 126.
(c:/Users/dupred/AppData/Roaming/TinyTeX/texmf-dist/tex/latex/amsfonts/umsa.fd
File: umsa.fd 2013/01/14 v3.01 AMS symbols A
)
(c:/Users/dupred/AppData/Roaming/TinyTeX/texmf-dist/tex/latex/microtype/mt-msa.
cfg
File: mt-msa.cfg 2006/02/04 v1.1 microtype config. file: AMS symbols (a) (RS)
)
LaTeX Font Info:    Try loading font information for U+msb on input line 126.
(c:/Users/dupred/AppData/Roaming/TinyTeX/texmf-dist/tex/latex/amsfonts/umsb.fd
File: umsb.fd 2013/01/14 v3.01 AMS symbols B
)
(c:/Users/dupred/AppData/Roaming/TinyTeX/texmf-dist/tex/latex/microtype/mt-msb.
cfg
File: mt-msb.cfg 2005/06/01 v1.0 microtype config. file: AMS symbols (b) (RS)
)
(c:/Users/dupred/AppData/Roaming/TinyTeX/texmf-dist/tex/latex/microtype/mt-eur.
cfg
File: mt-eur.cfg 2006/07/31 v1.1 microtype config. file: AMS Euler Roman (RS)
) [1{c:/Users/dupred/AppData/Roaming/TinyTeX/texmf-var/fonts/map/pdftex/updmap/
pdftex.map}

] [2] (./manuscript_apa.toc)
\tf@toc=\write7
\openout7 = `manuscript_apa.toc'.


Underfull \vbox (badness 10000) has occurred while \output is active []

[3] [4] [5] [6] [7] [8] [9] [10]
Underfull \vbox (badness 4752) has occurred while \output is active []

[11] [12] [13] [14] [15] [16] [17] [18]
\openout4 = `manuscript_apa.fff'.

(manuscript_apa.fff) [19]
\openout3 = `manuscript_apa.ttt'.

(manuscript_apa.ttt) [20]
Underfull \vbox (badness 6625) has occurred while \output is active []

[21]
Underfull \vbox (badness 1028) has occurred while \output is active []

[22] [23] [24]
Underfull \vbox (badness 10000) has occurred while \output is active []

[25]
Underfull \vbox (badness 10000) has occurred while \output is active []

[26] [27] [28] [29] [30] [31] [32] [33] [34] [35] [36]pdfTeX warning (ext4): de
stination with the same identifier (name{ref-baltruvsaitis2016openface}) has be
en already used, duplicate ignored
<to be read again> 
                   \relax 
l.580 ...ertarget{ref-baltruvsaitis2016openface}{}
                                                  %pdfTeX warning (ext4): desti
nation with the same identifier (name{ref-barrett2006emotions}) has been alread
y used, duplicate ignored
<to be read again> 
                   \relax 
l.583 ...de\hypertarget{ref-barrett2006emotions}{}
                                                  %pdfTeX warning (ext4): desti
nation with the same identifier (name{ref-barrett2019emotional}) has been alrea
dy used, duplicate ignored
<to be read again> 
                   \relax 
l.586 ...e\hypertarget{ref-barrett2019emotional}{}
                                                  %pdfTeX warning (ext4): desti
nation with the same identifier (name{ref-bennett2002facial}) has been already 
used, duplicate ignored
<to be read again> 
                   \relax 
l.589 ...mode\hypertarget{ref-bennett2002facial}{}
                                                  %pdfTeX warning (ext4): desti
nation with the same identifier (name{ref-bonanno2004brief}) has been already u
sed, duplicate ignored
<to be read again> 
                   \relax 
l.592 ...vmode\hypertarget{ref-bonanno2004brief}{}
                                                  % [37]pdfTeX warning (ext4): 
destination with the same identifier (name{ref-buck1985prime}) has been already
 used, duplicate ignored
<to be read again> 
                   \relax 
l.595 \leavevmode\hypertarget{ref-buck1985prime}{}
                                                  %pdfTeX warning (ext4): desti
nation with the same identifier (name{ref-camras1991development}) has been alre
ady used, duplicate ignored
<to be read again> 
                   \relax 
l.598 ...\hypertarget{ref-camras1991development}{}
                                                  %pdfTeX warning (ext4): desti
nation with the same identifier (name{ref-camras2007infants}) has been already 
used, duplicate ignored
<to be read again> 
                   \relax 
l.601 ...mode\hypertarget{ref-camras2007infants}{}
                                                  %pdfTeX warning (ext4): desti
nation with the same identifier (name{ref-cohn2003timing}) has been already use
d, duplicate ignored
<to be read again> 
                   \relax 
l.604 ...vevmode\hypertarget{ref-cohn2003timing}{}
                                                  %pdfTeX warning (ext4): desti
nation with the same identifier (name{ref-crivelli2015smiles}) has been already
 used, duplicate ignored
<to be read again> 
                   \relax 
l.607 ...ode\hypertarget{ref-crivelli2015smiles}{}
                                                  %pdfTeX warning (ext4): desti
nation with the same identifier (name{ref-crivelli2018facial}) has been already
 used, duplicate ignored
<to be read again> 
                   \relax 
l.610 ...ode\hypertarget{ref-crivelli2018facial}{}
                                                  %pdfTeX warning (ext4): desti
nation with the same identifier (name{ref-crivelli2017recognizing}) has been al
ready used, duplicate ignored
<to be read again> 
                   \relax 
l.613 ...ypertarget{ref-crivelli2017recognizing}{}
                                                  %pdfTeX warning (ext4): desti
nation with the same identifier (name{ref-darwin1872expression}) has been alrea
dy used, duplicate ignored
<to be read again> 
                   \relax 
l.616 ...e\hypertarget{ref-darwin1872expression}{}
                                                  %pdfTeX warning (ext4): desti
nation with the same identifier (name{ref-dente2017measures}) has been already 
used, duplicate ignored
<to be read again> 
                   \relax 
l.619 ...mode\hypertarget{ref-dente2017measures}{}
                                                  % [38]pdfTeX warning (ext4): 
destination with the same identifier (name{ref-den2005facereader}) has been alr
eady used, duplicate ignored
<to be read again> 
                   \relax 
l.622 ...mode\hypertarget{ref-den2005facereader}{}
                                                  %pdfTeX warning (ext4): desti
nation with the same identifier (name{ref-digirolamo2017emotion}) has been alre
ady used, duplicate ignored
<to be read again> 
                   \relax 
l.625 ...\hypertarget{ref-digirolamo2017emotion}{}
                                                  %pdfTeX warning (ext4): desti
nation with the same identifier (name{ref-dols2017natural}) has been already us
ed, duplicate ignored
<to be read again> 
                   \relax 
l.628 ...evmode\hypertarget{ref-dols2017natural}{}
                                                  %pdfTeX warning (ext4): desti
nation with the same identifier (name{ref-duchenne1876mecanisme}) has been alre
ady used, duplicate ignored
<to be read again> 
                   \relax 
l.631 ...\hypertarget{ref-duchenne1876mecanisme}{}
                                                  %pdfTeX warning (ext4): desti
nation with the same identifier (name{ref-dupre2015oudjat}) has been already us
ed, duplicate ignored
<to be read again> 
                   \relax 
l.634 ...evmode\hypertarget{ref-dupre2015oudjat}{}
                                                  %pdfTeX warning (ext4): desti
nation with the same identifier (name{ref-dupre2018accuracy}) has been already 
used, duplicate ignored
<to be read again> 
                   \relax 
l.637 ...mode\hypertarget{ref-dupre2018accuracy}{}
                                                  %pdfTeX warning (ext4): desti
nation with the same identifier (name{ref-duran2017coherence}) has been already
 used, duplicate ignored
<to be read again> 
                   \relax 
l.640 ...ode\hypertarget{ref-duran2017coherence}{}
                                                  %pdfTeX warning (ext4): desti
nation with the same identifier (name{ref-ekman1992argument}) has been already 
used, duplicate ignored
<to be read again> 
                   \relax 
l.643 ...mode\hypertarget{ref-ekman1992argument}{}
                                                  %pdfTeX warning (ext4): desti
nation with the same identifier (name{ref-ekman2007directed}) has been already 
used, duplicate ignored
<to be read again> 
                   \relax 
l.646 ...mode\hypertarget{ref-ekman2007directed}{}
                                                  % [39]pdfTeX warning (ext4): 
destination with the same identifier (name{ref-ekman2011meant}) has been alread
y used, duplicate ignored
<to be read again> 
                   \relax 
l.649 ...vevmode\hypertarget{ref-ekman2011meant}{}
                                                  %pdfTeX warning (ext4): desti
nation with the same identifier (name{ref-ekman1980facial}) has been already us
ed, duplicate ignored
<to be read again> 
                   \relax 
l.652 ...evmode\hypertarget{ref-ekman1980facial}{}
                                                  %pdfTeX warning (ext4): desti
nation with the same identifier (name{ref-ekman1987universals}) has been alread
y used, duplicate ignored
<to be read again> 
                   \relax 
l.655 ...de\hypertarget{ref-ekman1987universals}{}
                                                  %pdfTeX warning (ext4): desti
nation with the same identifier (name{ref-ekman1988universality}) has been alre
ady used, duplicate ignored
<to be read again> 
                   \relax 
l.658 ...\hypertarget{ref-ekman1988universality}{}
                                                  %pdfTeX warning (ext4): desti
nation with the same identifier (name{ref-elfenbein2002universality}) has been 
already used, duplicate ignored
<to be read again> 
                   \relax 
l.661 ...ertarget{ref-elfenbein2002universality}{}
                                                  %pdfTeX warning (ext4): desti
nation with the same identifier (name{ref-fernandez1997spontaneous}) has been a
lready used, duplicate ignored
<to be read again> 
                   \relax 
l.664 ...pertarget{ref-fernandez1997spontaneous}{}
                                                  %pdfTeX warning (ext4): desti
nation with the same identifier (name{ref-fernandez2013emotion}) has been alrea
dy used, duplicate ignored
<to be read again> 
                   \relax 
l.667 ...e\hypertarget{ref-fernandez2013emotion}{}
                                                  %pdfTeX warning (ext4): desti
nation with the same identifier (name{ref-fernandez1995smiles}) has been alread
y used, duplicate ignored
<to be read again> 
                   \relax 
l.670 ...de\hypertarget{ref-fernandez1995smiles}{}
                                                  %pdfTeX warning (ext4): desti
nation with the same identifier (name{ref-fridlund1994human}) has been already 
used, duplicate ignored
<to be read again> 
                   \relax 
l.673 ...mode\hypertarget{ref-fridlund1994human}{}
                                                  % [40]pdfTeX warning (ext4): 
destination with the same identifier (name{ref-frijda2012recognition}) has been
 already used, duplicate ignored
<to be read again> 
                   \relax 
l.676 ...\hypertarget{ref-frijda2012recognition}{}
                                                  %pdfTeX warning (ext4): desti
nation with the same identifier (name{ref-frijda1997facial}) has been already u
sed, duplicate ignored
<to be read again> 
                   \relax 
l.679 ...vmode\hypertarget{ref-frijda1997facial}{}
                                                  %pdfTeX warning (ext4): desti
nation with the same identifier (name{ref-gendron2018emotion}) has been already
 used, duplicate ignored
<to be read again> 
                   \relax 
l.682 ...ode\hypertarget{ref-gendron2018emotion}{}
                                                  %pdfTeX warning (ext4): desti
nation with the same identifier (name{ref-gendron2014perceptions}) has been alr
eady used, duplicate ignored
<to be read again> 
                   \relax 
l.685 ...hypertarget{ref-gendron2014perceptions}{}
                                                  %pdfTeX warning (ext4): desti
nation with the same identifier (name{ref-hess2016emotional}) has been already 
used, duplicate ignored
<to be read again> 
                   \relax 
l.688 ...mode\hypertarget{ref-hess2016emotional}{}
                                                  %pdfTeX warning (ext4): desti
nation with the same identifier (name{ref-hess1990differentiating}) has been al
ready used, duplicate ignored
<to be read again> 
                   \relax 
l.691 ...ypertarget{ref-hess1990differentiating}{}
                                                  %pdfTeX warning (ext4): desti
nation with the same identifier (name{ref-jakobs1999social}) has been already u
sed, duplicate ignored
<to be read again> 
                   \relax 
l.694 ...vmode\hypertarget{ref-jakobs1999social}{}
                                                  %pdfTeX warning (ext4): desti
nation with the same identifier (name{ref-johnson2010smile}) has been already u
sed, duplicate ignored
<to be read again> 
                   \relax 
l.697 ...vmode\hypertarget{ref-johnson2010smile}{}
                                                  %pdfTeX warning (ext4): desti
nation with the same identifier (name{ref-kamachi2013dynamic}) has been already
 used, duplicate ignored
<to be read again> 
                   \relax 
l.700 ...ode\hypertarget{ref-kamachi2013dynamic}{}
                                                  % [41]pdfTeX warning (ext4): 
destination with the same identifier (name{ref-kanade2000comprehensive}) has be
en already used, duplicate ignored
<to be read again> 
                   \relax 
l.703 ...ypertarget{ref-kanade2000comprehensive}{}
                                                  %pdfTeX warning (ext4): desti
nation with the same identifier (name{ref-kappas2003facial}) has been already u
sed, duplicate ignored
<to be read again> 
                   \relax 
l.706 ...vmode\hypertarget{ref-kappas2003facial}{}
                                                  %pdfTeX warning (ext4): desti
nation with the same identifier (name{ref-krause1998dyadic}) has been already u
sed, duplicate ignored
<to be read again> 
                   \relax 
l.709 ...vmode\hypertarget{ref-krause1998dyadic}{}
                                                  %pdfTeX warning (ext4): desti
nation with the same identifier (name{ref-kraut1979social}) has been already us
ed, duplicate ignored
<to be read again> 
                   \relax 
l.712 ...evmode\hypertarget{ref-kraut1979social}{}
                                                  %pdfTeX warning (ext4): desti
nation with the same identifier (name{ref-krumhuber2013effects}) has been alrea
dy used, duplicate ignored
<to be read again> 
                   \relax 
l.715 ...e\hypertarget{ref-krumhuber2013effects}{}
                                                  %pdfTeX warning (ext4): desti
nation with the same identifier (name{ref-lee2002effect}) has been already used
, duplicate ignored
<to be read again> 
                   \relax 
l.718 \leavevmode\hypertarget{ref-lee2002effect}{}
                                                  %pdfTeX warning (ext4): desti
nation with the same identifier (name{ref-lindquist2006language}) has been alre
ady used, duplicate ignored
<to be read again> 
                   \relax 
l.721 ...\hypertarget{ref-lindquist2006language}{}
                                                  %pdfTeX warning (ext4): desti
nation with the same identifier (name{ref-lindquist2013s}) has been already use
d, duplicate ignored
<to be read again> 
                   \relax 
l.724 ...vevmode\hypertarget{ref-lindquist2013s}{}
                                                  %pdfTeX warning (ext4): desti
nation with the same identifier (name{ref-mcduff2016discovering}) has been alre
ady used, duplicate ignored
<to be read again> 
                   \relax 
l.727 ...\hypertarget{ref-mcduff2016discovering}{}
                                                  % [42]pdfTeX warning (ext4): 
destination with the same identifier (name{ref-mcduff2016affdex}) has been alre
ady used, duplicate ignored
<to be read again> 
                   \relax 
l.730 ...vmode\hypertarget{ref-mcduff2016affdex}{}
                                                  %pdfTeX warning (ext4): desti
nation with the same identifier (name{ref-mckeown2013analogical}) has been alre
ady used, duplicate ignored
<to be read again> 
                   \relax 
l.733 ...\hypertarget{ref-mckeown2013analogical}{}
                                                  %pdfTeX warning (ext4): desti
nation with the same identifier (name{ref-mehu2007smiles}) has been already use
d, duplicate ignored
<to be read again> 
                   \relax 
l.736 ...vevmode\hypertarget{ref-mehu2007smiles}{}
                                                  %pdfTeX warning (ext4): desti
nation with the same identifier (name{ref-meillon2010dynemo}) has been already 
used, duplicate ignored
<to be read again> 
                   \relax 
l.739 ...mode\hypertarget{ref-meillon2010dynemo}{}
                                                  %pdfTeX warning (ext4): desti
nation with the same identifier (name{ref-nielsen2007conceptual}) has been alre
ady used, duplicate ignored
<to be read again> 
                   \relax 
l.742 ...\hypertarget{ref-nielsen2007conceptual}{}
                                                  %pdfTeX warning (ext4): desti
nation with the same identifier (name{ref-pacherie2003modes}) has been already 
used, duplicate ignored
<to be read again> 
                   \relax 
l.745 ...mode\hypertarget{ref-pacherie2003modes}{}
                                                  %pdfTeX warning (ext4): desti
nation with the same identifier (name{ref-reisenzein2000exploring}) has been al
ready used, duplicate ignored
<to be read again> 
                   \relax 
l.748 ...ypertarget{ref-reisenzein2000exploring}{}
                                                  %pdfTeX warning (ext4): desti
nation with the same identifier (name{ref-reisenzein2006evidence}) has been alr
eady used, duplicate ignored
<to be read again> 
                   \relax 
l.751 ...hypertarget{ref-reisenzein2006evidence}{}
                                                  % [43]pdfTeX warning (ext4): 
destination with the same identifier (name{ref-reisenzein2013coherence}) has be
en already used, duplicate ignored
<to be read again> 
                   \relax 
l.754 ...ypertarget{ref-reisenzein2013coherence}{}
                                                  %pdfTeX warning (ext4): desti
nation with the same identifier (name{ref-rosenberg1994coherence}) has been alr
eady used, duplicate ignored
<to be read again> 
                   \relax 
l.757 ...hypertarget{ref-rosenberg1994coherence}{}
                                                  %pdfTeX warning (ext4): desti
nation with the same identifier (name{ref-ruiz2003spontaneous}) has been alread
y used, duplicate ignored
<to be read again> 
                   \relax 
l.760 ...de\hypertarget{ref-ruiz2003spontaneous}{}
                                                  %pdfTeX warning (ext4): desti
nation with the same identifier (name{ref-russell1993forced}) has been already 
used, duplicate ignored
<to be read again> 
                   \relax 
l.763 ...mode\hypertarget{ref-russell1993forced}{}
                                                  %pdfTeX warning (ext4): desti
nation with the same identifier (name{ref-russell1994there}) has been already u
sed, duplicate ignored
<to be read again> 
                   \relax 
l.766 ...vmode\hypertarget{ref-russell1994there}{}
                                                  %pdfTeX warning (ext4): desti
nation with the same identifier (name{ref-russell2003facial}) has been already 
used, duplicate ignored
<to be read again> 
                   \relax 
l.769 ...mode\hypertarget{ref-russell2003facial}{}
                                                  %pdfTeX warning (ext4): desti
nation with the same identifier (name{ref-russell1987relativity}) has been alre
ady used, duplicate ignored
<to be read again> 
                   \relax 
l.772 ...\hypertarget{ref-russell1987relativity}{}
                                                  %pdfTeX warning (ext4): desti
nation with the same identifier (name{ref-sander2014oxford}) has been already u
sed, duplicate ignored
<to be read again> 
                   \relax 
l.775 ...vmode\hypertarget{ref-sander2014oxford}{}
                                                  %pdfTeX warning (ext4): desti
nation with the same identifier (name{ref-scherer1997lost}) has been already us
ed, duplicate ignored
<to be read again> 
                   \relax 
l.778 ...evmode\hypertarget{ref-scherer1997lost}{}
                                                  %pdfTeX warning (ext4): desti
nation with the same identifier (name{ref-schutzwohl2012facial}) has been alrea
dy used, duplicate ignored
<to be read again> 
                   \relax 
l.781 ...e\hypertarget{ref-schutzwohl2012facial}{}
                                                  % [44]pdfTeX warning (ext4): 
destination with the same identifier (name{ref-tcherkassof2007facial}) has been
 already used, duplicate ignored
<to be read again> 
                   \relax 
l.784 ...\hypertarget{ref-tcherkassof2007facial}{}
                                                  %pdfTeX warning (ext4): desti
nation with the same identifier (name{ref-tcherkassof2013dynemo}) has been alre
ady used, duplicate ignored
<to be read again> 
                   \relax 
l.787 ...\hypertarget{ref-tcherkassof2013dynemo}{}
                                                  %pdfTeX warning (ext4): desti
nation with the same identifier (name{ref-tcherkassof2014emotions}) has been al
ready used, duplicate ignored
<to be read again> 
                   \relax 
l.790 ...ypertarget{ref-tcherkassof2014emotions}{}
                                                  %pdfTeX warning (ext4): desti
nation with the same identifier (name{ref-tsai2002emotional}) has been already 
used, duplicate ignored
<to be read again> 
                   \relax 
l.793 ...mode\hypertarget{ref-tsai2002emotional}{}
                                                  %pdfTeX warning (ext4): desti
nation with the same identifier (name{ref-vernon2002disgust}) has been already 
used, duplicate ignored
<to be read again> 
                   \relax 
l.796 ...mode\hypertarget{ref-vernon2002disgust}{}
                                                  %pdfTeX warning (ext4): desti
nation with the same identifier (name{ref-de2019mama}) has been already used, d
uplicate ignored
<to be read again> 
                   \relax 
l.799 \leavevmode\hypertarget{ref-de2019mama}{}
                                               %pdfTeX warning (ext4): destinat
ion with the same identifier (name{ref-wagner1997methods}) has been already use
d, duplicate ignored
<to be read again> 
                   \relax 
l.802 ...mode\hypertarget{ref-wagner1997methods}{}
                                                  % AED endfloat: Processing en
d Figures and Tables [45] (./manuscript_apa.ttt [46


]) [47

] (./manuscript_apa.fff
<manuscript_apa_files/figure-latex/confusionMatrix-sr-hr-1.pdf, id=444, 469.755
pt x 433.62pt>
File: manuscript_apa_files/figure-latex/confusionMatrix-sr-hr-1.pdf Graphic fil
e (type pdf)
<use manuscript_apa_files/figure-latex/confusionMatrix-sr-hr-1.pdf>
Package pdftex.def Info: manuscript_apa_files/figure-latex/confusionMatrix-sr-h
r-1.pdf  used on input line 4.
(pdftex.def)             Requested size: 469.75386pt x 433.61894pt.
<manuscript_apa_files/figure-latex/confusionMatrix-sr-ar-1.pdf, id=445, 469.755
pt x 433.62pt>
File: manuscript_apa_files/figure-latex/confusionMatrix-sr-ar-1.pdf Graphic fil
e (type pdf)
<use manuscript_apa_files/figure-latex/confusionMatrix-sr-ar-1.pdf>
Package pdftex.def Info: manuscript_apa_files/figure-latex/confusionMatrix-sr-a
r-1.pdf  used on input line 9.
(pdftex.def)             Requested size: 469.75386pt x 433.61894pt.
<manuscript_apa_files/figure-latex/confusionMatrix-hr-ar-1.pdf, id=446, 469.755
pt x 433.62pt>
File: manuscript_apa_files/figure-latex/confusionMatrix-hr-ar-1.pdf Graphic fil
e (type pdf)
<use manuscript_apa_files/figure-latex/confusionMatrix-hr-ar-1.pdf>
Package pdftex.def Info: manuscript_apa_files/figure-latex/confusionMatrix-hr-a
r-1.pdf  used on input line 14.
(pdftex.def)             Requested size: 469.75386pt x 433.61894pt.
)
Package atveryend Info: Empty hook `BeforeClearDocument' on input line 808.
[48

 <./manuscript_apa_files/figure-latex/confusionMatrix-sr-hr-1.pdf>] [49 <./manu
script_apa_files/figure-latex/confusionMatrix-sr-ar-1.pdf>] [50 <./manuscript_a
pa_files/figure-latex/confusionMatrix-hr-ar-1.pdf>]
Package atveryend Info: Empty hook `AfterLastShipout' on input line 808.
(./manuscript_apa.aux)
Package atveryend Info: Executing hook `AtVeryEndDocument' on input line 808.
Package atveryend Info: Executing hook `AtEndAfterFileList' on input line 808.
Package rerunfilecheck Info: File `manuscript_apa.out' has not changed.
(rerunfilecheck)             Checksum: 5B918A7CCAFE3D983D89AF862C16EE0D;3872.
Package logreq Info: Writing requests to 'manuscript_apa.run.xml'.
\openout1 = `manuscript_apa.run.xml'.

 ) 
Here is how much of TeX's memory you used:
 22347 strings out of 494553
 364356 string characters out of 6175905
 840132 words of memory out of 5000000
 25438 multiletter control sequences out of 15000+600000
 52470 words of font info for 95 fonts, out of 8000000 for 9000
 14 hyphenation exceptions out of 8191
 44i,12n,47p,6634b,745s stack positions out of 5000i,500n,10000p,200000b,80000s
{c:/Users/dupred/AppData/Roaming/TinyTeX/texmf-dist/fonts/enc/dvips/lm/lm-rm.
enc}{c:/Users/dupred/AppData/Roaming/TinyTeX/texmf-dist/fonts/enc/dvips/lm/lm-m
athex.enc}{c:/Users/dupred/AppData/Roaming/TinyTeX/texmf-dist/fonts/enc/dvips/l
m/lm-mathit.enc}{c:/Users/dupred/AppData/Roaming/TinyTeX/texmf-dist/fonts/enc/d
vips/lm/lm-ec.enc}<c:/Users/dupred/AppData/Roaming/TinyTeX/texmf-dist/fonts/typ
e1/public/lm/lmbx12.pfb><c:/Users/dupred/AppData/Roaming/TinyTeX/texmf-dist/fon
ts/type1/public/lm/lmex10.pfb><c:/Users/dupred/AppData/Roaming/TinyTeX/texmf-di
st/fonts/type1/public/lm/lmmi12.pfb><c:/Users/dupred/AppData/Roaming/TinyTeX/te
xmf-dist/fonts/type1/public/lm/lmmi6.pfb><c:/Users/dupred/AppData/Roaming/TinyT
eX/texmf-dist/fonts/type1/public/lm/lmmi8.pfb><c:/Users/dupred/AppData/Roaming/
TinyTeX/texmf-dist/fonts/type1/public/lm/lmr12.pfb><c:/Users/dupred/AppData/Roa
ming/TinyTeX/texmf-dist/fonts/type1/public/lm/lmr8.pfb><c:/Users/dupred/AppData
/Roaming/TinyTeX/texmf-dist/fonts/type1/public/lm/lmri12.pfb><c:/Users/dupred/A
ppData/Roaming/TinyTeX/texmf-dist/fonts/type1/public/lm/lmss8.pfb>
Output written on manuscript_apa.pdf (50 pages, 268552 bytes).
PDF statistics:
 554 PDF objects out of 1000 (max. 8388607)
 479 compressed objects within 5 object streams
 170 named destinations out of 1000 (max. 500000)
 6304 words of extra memory for PDF output out of 10000 (max. 10000000)

